0 info it worked if it ends with ok
1 verbose cli [ 'C:\\Program Files\\nodejs\\node.exe',
1 verbose cli   'C:\\Program Files\\nodejs\\node_modules\\npm\\bin\\npm-cli.js',
1 verbose cli   'install',
1 verbose cli   'canvas' ]
2 info using npm@2.14.4
3 info using node@v4.1.1
4 verbose install initial load of C:\Users\sahil\Documents\GitHub\SocialMediaAggregator\package.json
5 warn package.json socialmediaaggregator@1.0.0 No description
6 verbose installManyTop reading scoped package data from C:\Users\sahil\Documents\GitHub\SocialMediaAggregator\node_modules\express\package.json
7 verbose installManyTop reading scoped package data from C:\Users\sahil\Documents\GitHub\SocialMediaAggregator\node_modules\gulp\package.json
8 verbose installManyTop reading scoped package data from C:\Users\sahil\Documents\GitHub\SocialMediaAggregator\node_modules\gulp-minify-css\package.json
9 verbose installManyTop reading scoped package data from C:\Users\sahil\Documents\GitHub\SocialMediaAggregator\node_modules\gulp-uglify\package.json
10 verbose installManyTop reading scoped package data from C:\Users\sahil\Documents\GitHub\SocialMediaAggregator\node_modules\nib\package.json
11 verbose installManyTop reading scoped package data from C:\Users\sahil\Documents\GitHub\SocialMediaAggregator\node_modules\supervisor\package.json
12 info package.json supervisor@0.9.1 No license field.
13 verbose readDependencies loading dependencies from C:\Users\sahil\Documents\GitHub\SocialMediaAggregator\package.json
14 silly cache add args [ 'canvas', null ]
15 verbose cache add spec canvas
16 silly cache add parsed spec Result {
16 silly cache add   raw: 'canvas',
16 silly cache add   scope: null,
16 silly cache add   name: 'canvas',
16 silly cache add   rawSpec: '',
16 silly cache add   spec: '*',
16 silly cache add   type: 'range' }
17 silly addNamed canvas@*
18 verbose addNamed "*" is a valid semver range for canvas
19 silly addNameRange { name: 'canvas', range: '*', hasData: false }
20 silly mapToRegistry name canvas
21 silly mapToRegistry using default registry
22 silly mapToRegistry registry https://registry.npmjs.org/
23 silly mapToRegistry uri https://registry.npmjs.org/canvas
24 verbose addNameRange registry:https://registry.npmjs.org/canvas not in flight; fetching
25 verbose request uri https://registry.npmjs.org/canvas
26 verbose request no auth needed
27 info attempt registry request try #1 at 5:28:12 PM
28 verbose request id 9d1638a2c2cf46d2
29 http request GET https://registry.npmjs.org/canvas
30 http 200 https://registry.npmjs.org/canvas
31 silly get cb [ 200,
31 silly get   { server: 'CouchDB/1.5.0 (Erlang OTP/R16B03)',
31 silly get     etag: '"D76N7ESZ7RN9924MEDLRMIVZN"',
31 silly get     'content-type': 'application/json',
31 silly get     'cache-control': 'max-age=60',
31 silly get     'content-length': '84625',
31 silly get     'accept-ranges': 'bytes',
31 silly get     date: 'Tue, 10 Nov 2015 23:28:12 GMT',
31 silly get     via: '1.1 varnish',
31 silly get     age: '0',
31 silly get     connection: 'keep-alive',
31 silly get     'x-served-by': 'cache-ord1723-ORD',
31 silly get     'x-cache': 'HIT',
31 silly get     'x-cache-hits': '1',
31 silly get     'x-timer': 'S1447198092.319405,VS0,VE148',
31 silly get     vary: 'Accept' } ]
32 verbose get saving canvas to C:\Users\sahil\AppData\Roaming\npm-cache\registry.npmjs.org\canvas\.cache.json
33 silly addNameRange number 2 { name: 'canvas', range: '*', hasData: true }
34 silly addNameRange versions [ 'canvas',
34 silly addNameRange   [ '0.0.1',
34 silly addNameRange     '0.0.2',
34 silly addNameRange     '0.0.3',
34 silly addNameRange     '0.0.4',
34 silly addNameRange     '0.0.5',
34 silly addNameRange     '0.0.6',
34 silly addNameRange     '0.0.7',
34 silly addNameRange     '0.0.8',
34 silly addNameRange     '0.1.0',
34 silly addNameRange     '0.2.0',
34 silly addNameRange     '0.2.1',
34 silly addNameRange     '0.3.0',
34 silly addNameRange     '0.3.1',
34 silly addNameRange     '0.3.2',
34 silly addNameRange     '0.3.3',
34 silly addNameRange     '0.4.0',
34 silly addNameRange     '0.4.1',
34 silly addNameRange     '0.4.2',
34 silly addNameRange     '0.4.3',
34 silly addNameRange     '0.5.0',
34 silly addNameRange     '0.5.1',
34 silly addNameRange     '0.5.2',
34 silly addNameRange     '0.5.3',
34 silly addNameRange     '0.5.4',
34 silly addNameRange     '0.6.0',
34 silly addNameRange     '0.7.0',
34 silly addNameRange     '0.7.1',
34 silly addNameRange     '0.7.2',
34 silly addNameRange     '0.7.3',
34 silly addNameRange     '0.8.0',
34 silly addNameRange     '0.8.1',
34 silly addNameRange     '0.8.2',
34 silly addNameRange     '0.8.3',
34 silly addNameRange     '0.9.0',
34 silly addNameRange     '0.10.0',
34 silly addNameRange     '0.10.1',
34 silly addNameRange     '0.10.2',
34 silly addNameRange     '0.10.3',
34 silly addNameRange     '0.11.0',
34 silly addNameRange     '0.11.1',
34 silly addNameRange     '0.11.2',
34 silly addNameRange     '0.11.3',
34 silly addNameRange     '0.12.0',
34 silly addNameRange     '0.12.1',
34 silly addNameRange     '0.13.0',
34 silly addNameRange     '0.13.1',
34 silly addNameRange     '1.0.0',
34 silly addNameRange     '1.0.1',
34 silly addNameRange     '1.0.2',
34 silly addNameRange     '1.0.3',
34 silly addNameRange     '1.0.4',
34 silly addNameRange     '1.1.0',
34 silly addNameRange     '1.1.1',
34 silly addNameRange     '1.1.2',
34 silly addNameRange     '1.1.3',
34 silly addNameRange     '1.1.4',
34 silly addNameRange     '1.1.5',
34 silly addNameRange     '1.1.6',
34 silly addNameRange     '1.2.0',
34 silly addNameRange     '1.2.1',
34 silly addNameRange     '1.2.2',
34 silly addNameRange     '1.2.3',
34 silly addNameRange     '1.2.4',
34 silly addNameRange     '1.2.5',
34 silly addNameRange     '1.2.6',
34 silly addNameRange     '1.2.7',
34 silly addNameRange     '1.2.8',
34 silly addNameRange     '1.2.9',
34 silly addNameRange     '1.2.10',
34 silly addNameRange     '1.2.11',
34 silly addNameRange     '1.3.0',
34 silly addNameRange     '1.3.1' ] ]
35 silly addNamed canvas@1.3.1
36 verbose addNamed "1.3.1" is a plain semver version for canvas
37 silly mapToRegistry name canvas
38 silly mapToRegistry using default registry
39 silly mapToRegistry registry https://registry.npmjs.org/
40 silly mapToRegistry uri https://registry.npmjs.org/canvas
41 verbose addRemoteTarball https://registry.npmjs.org/canvas/-/canvas-1.3.1.tgz not in flight; adding
42 verbose addRemoteTarball [ 'https://registry.npmjs.org/canvas/-/canvas-1.3.1.tgz',
42 verbose addRemoteTarball   'a1ff9534db9946a416408e59a920453e83ac2a94' ]
43 info retry fetch attempt 1 at 5:28:12 PM
44 info attempt registry request try #1 at 5:28:12 PM
45 http fetch GET https://registry.npmjs.org/canvas/-/canvas-1.3.1.tgz
46 http fetch 200 https://registry.npmjs.org/canvas/-/canvas-1.3.1.tgz
47 silly fetchAndShaCheck shasum a1ff9534db9946a416408e59a920453e83ac2a94
48 verbose addTmpTarball C:\Users\sahil\AppData\Local\Temp\npm-11004-9480683f\registry.npmjs.org\canvas\-\canvas-1.3.1.tgz not in flight; adding
49 verbose addTmpTarball already have metadata; skipping unpack for canvas@1.3.1
50 silly cache afterAdd canvas@1.3.1
51 verbose afterAdd C:\Users\sahil\AppData\Roaming\npm-cache\canvas\1.3.1\package\package.json not in flight; writing
52 verbose afterAdd C:\Users\sahil\AppData\Roaming\npm-cache\canvas\1.3.1\package\package.json written
53 silly install resolved [ { name: 'canvas',
53 silly install resolved     description: 'Canvas graphics API backed by Cairo',
53 silly install resolved     version: '1.3.1',
53 silly install resolved     author: { name: 'TJ Holowaychuk', email: 'tj@learnboost.com' },
53 silly install resolved     contributors: [ [Object], [Object], [Object] ],
53 silly install resolved     keywords:
53 silly install resolved      [ 'canvas',
53 silly install resolved        'graphic',
53 silly install resolved        'graphics',
53 silly install resolved        'pixman',
53 silly install resolved        'cairo',
53 silly install resolved        'image',
53 silly install resolved        'images',
53 silly install resolved        'pdf' ],
53 silly install resolved     homepage: 'https://github.com/Automattic/node-canvas',
53 silly install resolved     repository:
53 silly install resolved      { type: 'git',
53 silly install resolved        url: 'git://github.com/Automattic/node-canvas.git' },
53 silly install resolved     scripts:
53 silly install resolved      { prebenchmark: 'node-gyp build',
53 silly install resolved        benchmark: 'node benchmarks/run.js',
53 silly install resolved        pretest: 'node-gyp build',
53 silly install resolved        test: 'mocha test/*.test.js',
53 silly install resolved        'pretest-server': 'node-gyp build',
53 silly install resolved        'test-server': 'node test/server.js',
53 silly install resolved        install: 'node-gyp rebuild' },
53 silly install resolved     dependencies: { nan: '^2.0.9' },
53 silly install resolved     devDependencies:
53 silly install resolved      { 'body-parser': '^1.13.3',
53 silly install resolved        express: '^4.13.2',
53 silly install resolved        jade: '^1.11.0',
53 silly install resolved        mocha: '*' },
53 silly install resolved     engines: { node: '>=0.8.0' },
53 silly install resolved     main: './lib/canvas.js',
53 silly install resolved     license: 'MIT',
53 silly install resolved     gypfile: true,
53 silly install resolved     gitHead: 'fabf6777a41c0eefae94f49dec89af3d0602a6fc',
53 silly install resolved     bugs: { url: 'https://github.com/Automattic/node-canvas/issues' },
53 silly install resolved     _id: 'canvas@1.3.1',
53 silly install resolved     _shasum: 'a1ff9534db9946a416408e59a920453e83ac2a94',
53 silly install resolved     _from: 'canvas@*',
53 silly install resolved     _npmVersion: '3.3.9',
53 silly install resolved     _nodeVersion: '5.0.0',
53 silly install resolved     _npmUser: { name: 'linusu', email: 'linus@folkdatorn.se' },
53 silly install resolved     dist:
53 silly install resolved      { shasum: 'a1ff9534db9946a416408e59a920453e83ac2a94',
53 silly install resolved        tarball: 'http://registry.npmjs.org/canvas/-/canvas-1.3.1.tgz' },
53 silly install resolved     maintainers: [ [Object], [Object], [Object], [Object], [Object], [Object] ],
53 silly install resolved     directories: {},
53 silly install resolved     _resolved: 'https://registry.npmjs.org/canvas/-/canvas-1.3.1.tgz' } ]
54 info install canvas@1.3.1 into C:\Users\sahil\Documents\GitHub\SocialMediaAggregator
55 info installOne canvas@1.3.1
56 verbose installOne of canvas to C:\Users\sahil\Documents\GitHub\SocialMediaAggregator not in flight; installing
57 verbose lock using C:\Users\sahil\AppData\Roaming\npm-cache\_locks\canvas-f01124869522a288.lock for C:\Users\sahil\Documents\GitHub\SocialMediaAggregator\node_modules\canvas
58 silly install write writing canvas 1.3.1 to C:\Users\sahil\Documents\GitHub\SocialMediaAggregator\node_modules\canvas
59 verbose unbuild node_modules\canvas
60 silly gentlyRm C:\Users\sahil\Documents\GitHub\SocialMediaAggregator\node_modules\canvas is being purged from base C:\Users\sahil\Documents\GitHub\SocialMediaAggregator
61 verbose gentlyRm don't care about contents; nuking C:\Users\sahil\Documents\GitHub\SocialMediaAggregator\node_modules\canvas
62 verbose tar unpack C:\Users\sahil\AppData\Roaming\npm-cache\canvas\1.3.1\package.tgz
63 verbose tar unpacking to C:\Users\sahil\Documents\GitHub\SocialMediaAggregator\node_modules\canvas
64 silly gentlyRm C:\Users\sahil\Documents\GitHub\SocialMediaAggregator\node_modules\canvas is being purged
65 verbose gentlyRm don't care about contents; nuking C:\Users\sahil\Documents\GitHub\SocialMediaAggregator\node_modules\canvas
66 silly gunzTarPerm modes [ '777', '666' ]
67 silly gunzTarPerm extractEntry package.json
68 silly gunzTarPerm modified mode [ 'package.json', 420, 438 ]
69 silly gunzTarPerm extractEntry .npmignore
70 silly gunzTarPerm modified mode [ '.npmignore', 420, 438 ]
71 silly gunzTarPerm extractEntry index.js
72 silly gunzTarPerm modified mode [ 'index.js', 420, 438 ]
73 silly gunzTarPerm extractEntry History.md
74 silly gunzTarPerm modified mode [ 'History.md', 420, 438 ]
75 silly gunzTarPerm extractEntry Readme.md
76 silly gunzTarPerm modified mode [ 'Readme.md', 420, 438 ]
77 silly gunzTarPerm extractEntry binding.gyp
78 silly gunzTarPerm modified mode [ 'binding.gyp', 493, 511 ]
79 silly gunzTarPerm extractEntry .gitmodules
80 silly gunzTarPerm modified mode [ '.gitmodules', 420, 438 ]
81 silly gunzTarPerm extractEntry install
82 silly gunzTarPerm modified mode [ 'install', 493, 511 ]
83 silly gunzTarPerm extractEntry lib/bindings.js
84 silly gunzTarPerm modified mode [ 'lib/bindings.js', 420, 438 ]
85 silly gunzTarPerm extractEntry lib/canvas.js
86 silly gunzTarPerm modified mode [ 'lib/canvas.js', 420, 438 ]
87 silly gunzTarPerm extractEntry lib/context2d.js
88 silly gunzTarPerm modified mode [ 'lib/context2d.js', 420, 438 ]
89 silly gunzTarPerm extractEntry lib/image.js
90 silly gunzTarPerm modified mode [ 'lib/image.js', 420, 438 ]
91 silly gunzTarPerm extractEntry lib/jpegstream.js
92 silly gunzTarPerm modified mode [ 'lib/jpegstream.js', 420, 438 ]
93 silly gunzTarPerm extractEntry lib/pngstream.js
94 silly gunzTarPerm modified mode [ 'lib/pngstream.js', 420, 438 ]
95 silly gunzTarPerm extractEntry .travis.yml
96 silly gunzTarPerm modified mode [ '.travis.yml', 420, 438 ]
97 silly gunzTarPerm extractEntry src/Image.cc
98 silly gunzTarPerm modified mode [ 'src/Image.cc', 420, 438 ]
99 silly gunzTarPerm extractEntry src/Canvas.cc
100 silly gunzTarPerm modified mode [ 'src/Canvas.cc', 420, 438 ]
101 silly gunzTarPerm extractEntry src/CanvasGradient.cc
102 silly gunzTarPerm modified mode [ 'src/CanvasGradient.cc', 420, 438 ]
103 silly gunzTarPerm extractEntry src/CanvasGradient.h
104 silly gunzTarPerm modified mode [ 'src/CanvasGradient.h', 420, 438 ]
105 silly gunzTarPerm extractEntry src/CanvasPattern.cc
106 silly gunzTarPerm modified mode [ 'src/CanvasPattern.cc', 420, 438 ]
107 silly gunzTarPerm extractEntry src/CanvasPattern.h
108 silly gunzTarPerm modified mode [ 'src/CanvasPattern.h', 420, 438 ]
109 silly gunzTarPerm extractEntry src/CanvasRenderingContext2d.cc
110 silly gunzTarPerm modified mode [ 'src/CanvasRenderingContext2d.cc', 493, 511 ]
111 silly gunzTarPerm extractEntry src/CanvasRenderingContext2d.h
112 silly gunzTarPerm modified mode [ 'src/CanvasRenderingContext2d.h', 420, 438 ]
113 silly gunzTarPerm extractEntry src/FontFace.cc
114 silly gunzTarPerm modified mode [ 'src/FontFace.cc', 493, 511 ]
115 silly gunzTarPerm extractEntry src/FontFace.h
116 silly gunzTarPerm modified mode [ 'src/FontFace.h', 420, 438 ]
117 silly gunzTarPerm extractEntry src/Canvas.h
118 silly gunzTarPerm modified mode [ 'src/Canvas.h', 420, 438 ]
119 silly gunzTarPerm extractEntry src/Image.h
120 silly gunzTarPerm modified mode [ 'src/Image.h', 420, 438 ]
121 silly gunzTarPerm extractEntry src/ImageData.cc
122 silly gunzTarPerm modified mode [ 'src/ImageData.cc', 420, 438 ]
123 silly gunzTarPerm extractEntry src/ImageData.h
124 silly gunzTarPerm modified mode [ 'src/ImageData.h', 420, 438 ]
125 silly gunzTarPerm extractEntry src/JPEGStream.h
126 silly gunzTarPerm modified mode [ 'src/JPEGStream.h', 420, 438 ]
127 silly gunzTarPerm extractEntry src/PNG.h
128 silly gunzTarPerm modified mode [ 'src/PNG.h', 420, 438 ]
129 silly gunzTarPerm extractEntry src/Point.h
130 silly gunzTarPerm modified mode [ 'src/Point.h', 420, 438 ]
131 silly gunzTarPerm extractEntry src/closure.h
132 silly gunzTarPerm modified mode [ 'src/closure.h', 420, 438 ]
133 silly gunzTarPerm extractEntry src/color.cc
134 silly gunzTarPerm modified mode [ 'src/color.cc', 420, 438 ]
135 silly gunzTarPerm extractEntry src/color.h
136 silly gunzTarPerm modified mode [ 'src/color.h', 420, 438 ]
137 silly gunzTarPerm extractEntry src/init.cc
138 silly gunzTarPerm modified mode [ 'src/init.cc', 493, 511 ]
139 silly gunzTarPerm extractEntry util/cairo_include.sh
140 silly gunzTarPerm modified mode [ 'util/cairo_include.sh', 493, 511 ]
141 silly gunzTarPerm extractEntry util/has_cairo_freetype.sh
142 silly gunzTarPerm modified mode [ 'util/has_cairo_freetype.sh', 493, 511 ]
143 silly gunzTarPerm extractEntry util/has_lib.sh
144 silly gunzTarPerm modified mode [ 'util/has_lib.sh', 493, 511 ]
145 silly gunzTarPerm extractEntry util/lib_lookup.sh
146 silly gunzTarPerm modified mode [ 'util/lib_lookup.sh', 493, 511 ]
147 verbose write writing to C:\Users\sahil\Documents\GitHub\SocialMediaAggregator\node_modules\canvas\package.json
148 info preinstall canvas@1.3.1
149 verbose readDependencies loading dependencies from C:\Users\sahil\Documents\GitHub\SocialMediaAggregator\node_modules\canvas\package.json
150 silly prepareForInstallMany adding nan@^2.0.9 from canvas dependencies
151 verbose readDependencies loading dependencies from C:\Users\sahil\Documents\GitHub\SocialMediaAggregator\node_modules\canvas\package.json
152 silly cache add args [ 'nan@^2.0.9', null ]
153 verbose cache add spec nan@^2.0.9
154 silly cache add parsed spec Result {
154 silly cache add   raw: 'nan@^2.0.9',
154 silly cache add   scope: null,
154 silly cache add   name: 'nan',
154 silly cache add   rawSpec: '^2.0.9',
154 silly cache add   spec: '>=2.0.9 <3.0.0',
154 silly cache add   type: 'range' }
155 silly addNamed nan@>=2.0.9 <3.0.0
156 verbose addNamed ">=2.0.9 <3.0.0" is a valid semver range for nan
157 silly addNameRange { name: 'nan', range: '>=2.0.9 <3.0.0', hasData: false }
158 silly mapToRegistry name nan
159 silly mapToRegistry using default registry
160 silly mapToRegistry registry https://registry.npmjs.org/
161 silly mapToRegistry uri https://registry.npmjs.org/nan
162 verbose addNameRange registry:https://registry.npmjs.org/nan not in flight; fetching
163 verbose request uri https://registry.npmjs.org/nan
164 verbose request no auth needed
165 info attempt registry request try #1 at 5:28:12 PM
166 verbose etag "1L4RU1AM541YSVP1YQFXG1Y1J"
167 http request GET https://registry.npmjs.org/nan
168 http 200 https://registry.npmjs.org/nan
169 silly get cb [ 200,
169 silly get   { server: 'CouchDB/1.5.0 (Erlang OTP/R16B03)',
169 silly get     etag: '"CJ3ZKOY24CWA1LM0KQ4KE7PG1"',
169 silly get     'content-type': 'application/json',
169 silly get     'cache-control': 'max-age=60',
169 silly get     'content-length': '100046',
169 silly get     'accept-ranges': 'bytes',
169 silly get     date: 'Tue, 10 Nov 2015 23:28:13 GMT',
169 silly get     via: '1.1 varnish',
169 silly get     age: '21',
169 silly get     connection: 'keep-alive',
169 silly get     'x-served-by': 'cache-ord1723-ORD',
169 silly get     'x-cache': 'HIT',
169 silly get     'x-cache-hits': '116',
169 silly get     'x-timer': 'S1447198093.108998,VS0,VE0',
169 silly get     vary: 'Accept' } ]
170 verbose get saving nan to C:\Users\sahil\AppData\Roaming\npm-cache\registry.npmjs.org\nan\.cache.json
171 silly addNameRange number 2 { name: 'nan', range: '>=2.0.9 <3.0.0', hasData: true }
172 silly addNameRange versions [ 'nan',
172 silly addNameRange   [ '0.3.0-wip',
172 silly addNameRange     '0.3.0-wip2',
172 silly addNameRange     '0.3.0',
172 silly addNameRange     '0.3.1',
172 silly addNameRange     '0.3.2',
172 silly addNameRange     '0.4.0',
172 silly addNameRange     '0.4.1',
172 silly addNameRange     '0.4.2',
172 silly addNameRange     '0.4.3',
172 silly addNameRange     '0.4.4',
172 silly addNameRange     '0.5.0',
172 silly addNameRange     '0.5.1',
172 silly addNameRange     '0.5.2',
172 silly addNameRange     '0.6.0',
172 silly addNameRange     '0.7.0',
172 silly addNameRange     '0.7.1',
172 silly addNameRange     '0.8.0',
172 silly addNameRange     '1.0.0',
172 silly addNameRange     '1.1.0',
172 silly addNameRange     '1.1.1',
172 silly addNameRange     '1.1.2',
172 silly addNameRange     '1.2.0',
172 silly addNameRange     '1.3.0',
172 silly addNameRange     '1.4.0',
172 silly addNameRange     '1.4.1',
172 silly addNameRange     '1.5.0',
172 silly addNameRange     '1.4.2',
172 silly addNameRange     '1.4.3',
172 silly addNameRange     '1.5.1',
172 silly addNameRange     '1.5.2',
172 silly addNameRange     '1.6.0',
172 silly addNameRange     '1.5.3',
172 silly addNameRange     '1.6.1',
172 silly addNameRange     '1.6.2',
172 silly addNameRange     '1.7.0',
172 silly addNameRange     '1.8.0',
172 silly addNameRange     '1.8.1',
172 silly addNameRange     '1.8.2',
172 silly addNameRange     '1.8.3',
172 silly addNameRange     '1.8.4',
172 silly addNameRange     '1.9.0',
172 silly addNameRange     '2.0.0',
172 silly addNameRange     '2.0.1',
172 silly addNameRange     '2.0.2',
172 silly addNameRange     '2.0.3',
172 silly addNameRange     '2.0.4',
172 silly addNameRange     '2.0.5',
172 silly addNameRange     '2.0.6',
172 silly addNameRange     '2.0.7',
172 silly addNameRange     '2.0.8',
172 silly addNameRange     '2.0.9',
172 silly addNameRange     '2.1.0' ] ]
173 silly addNamed nan@2.1.0
174 verbose addNamed "2.1.0" is a plain semver version for nan
175 silly mapToRegistry name nan
176 silly mapToRegistry using default registry
177 silly mapToRegistry registry https://registry.npmjs.org/
178 silly mapToRegistry uri https://registry.npmjs.org/nan
179 verbose addRemoteTarball https://registry.npmjs.org/nan/-/nan-2.1.0.tgz not in flight; adding
180 verbose addRemoteTarball [ 'https://registry.npmjs.org/nan/-/nan-2.1.0.tgz',
180 verbose addRemoteTarball   '020a7ccedc63fdee85f85967d5607849e74abbe8' ]
181 info retry fetch attempt 1 at 5:28:13 PM
182 info attempt registry request try #1 at 5:28:13 PM
183 http fetch GET https://registry.npmjs.org/nan/-/nan-2.1.0.tgz
184 http fetch 200 https://registry.npmjs.org/nan/-/nan-2.1.0.tgz
185 silly fetchAndShaCheck shasum 020a7ccedc63fdee85f85967d5607849e74abbe8
186 verbose addTmpTarball C:\Users\sahil\AppData\Local\Temp\npm-11004-9480683f\registry.npmjs.org\nan\-\nan-2.1.0.tgz not in flight; adding
187 verbose addTmpTarball already have metadata; skipping unpack for nan@2.1.0
188 silly cache afterAdd nan@2.1.0
189 verbose afterAdd C:\Users\sahil\AppData\Roaming\npm-cache\nan\2.1.0\package\package.json not in flight; writing
190 verbose afterAdd C:\Users\sahil\AppData\Roaming\npm-cache\nan\2.1.0\package\package.json written
191 silly install resolved [ { name: 'nan',
191 silly install resolved     version: '2.1.0',
191 silly install resolved     description: 'Native Abstractions for Node.js: C++ header for Node 0.8 -> 4 compatibility',
191 silly install resolved     main: 'include_dirs.js',
191 silly install resolved     repository: { type: 'git', url: 'git://github.com/nodejs/nan.git' },
191 silly install resolved     scripts:
191 silly install resolved      { test: 'tap --gc test/js/*-test.js',
191 silly install resolved        'rebuild-tests': 'node-gyp rebuild --msvs_version=2013 --directory test',
191 silly install resolved        docs: 'doc/.build.sh' },
191 silly install resolved     contributors:
191 silly install resolved      [ [Object],
191 silly install resolved        [Object],
191 silly install resolved        [Object],
191 silly install resolved        [Object],
191 silly install resolved        [Object],
191 silly install resolved        [Object],
191 silly install resolved        [Object] ],
191 silly install resolved     devDependencies:
191 silly install resolved      { bindings: '~1.2.1',
191 silly install resolved        commander: '^2.8.1',
191 silly install resolved        glob: '^5.0.14',
191 silly install resolved        'node-gyp': '~3.0.1',
191 silly install resolved        tap: '~0.7.1',
191 silly install resolved        xtend: '~4.0.0' },
191 silly install resolved     license: 'MIT',
191 silly install resolved     bugs: { url: 'https://github.com/nodejs/nan/issues' },
191 silly install resolved     homepage: 'https://github.com/nodejs/nan#readme',
191 silly install resolved     _id: 'nan@2.1.0',
191 silly install resolved     _shasum: '020a7ccedc63fdee85f85967d5607849e74abbe8',
191 silly install resolved     _resolved: 'https://registry.npmjs.org/nan/-/nan-2.1.0.tgz',
191 silly install resolved     _from: 'nan@>=2.0.9 <3.0.0',
191 silly install resolved     _npmVersion: '3.3.5',
191 silly install resolved     _nodeVersion: '4.1.2',
191 silly install resolved     _npmUser: { name: 'kkoopa', email: 'bbyholm@abo.fi' },
191 silly install resolved     dist:
191 silly install resolved      { shasum: '020a7ccedc63fdee85f85967d5607849e74abbe8',
191 silly install resolved        tarball: 'http://registry.npmjs.org/nan/-/nan-2.1.0.tgz' },
191 silly install resolved     maintainers: [ [Object], [Object] ],
191 silly install resolved     directories: {} } ]
192 info install nan@2.1.0 into C:\Users\sahil\Documents\GitHub\SocialMediaAggregator\node_modules\canvas
193 info installOne nan@2.1.0
194 verbose installOne of nan to C:\Users\sahil\Documents\GitHub\SocialMediaAggregator\node_modules\canvas not in flight; installing
195 verbose lock using C:\Users\sahil\AppData\Roaming\npm-cache\_locks\nan-98f6069eb21cd707.lock for C:\Users\sahil\Documents\GitHub\SocialMediaAggregator\node_modules\canvas\node_modules\nan
196 silly install write writing nan 2.1.0 to C:\Users\sahil\Documents\GitHub\SocialMediaAggregator\node_modules\canvas\node_modules\nan
197 verbose unbuild node_modules\canvas\node_modules\nan
198 silly gentlyRm C:\Users\sahil\Documents\GitHub\SocialMediaAggregator\node_modules\canvas\node_modules\nan is being purged from base C:\Users\sahil\Documents\GitHub\SocialMediaAggregator
199 verbose gentlyRm don't care about contents; nuking C:\Users\sahil\Documents\GitHub\SocialMediaAggregator\node_modules\canvas\node_modules\nan
200 verbose tar unpack C:\Users\sahil\AppData\Roaming\npm-cache\nan\2.1.0\package.tgz
201 verbose tar unpacking to C:\Users\sahil\Documents\GitHub\SocialMediaAggregator\node_modules\canvas\node_modules\nan
202 silly gentlyRm C:\Users\sahil\Documents\GitHub\SocialMediaAggregator\node_modules\canvas\node_modules\nan is being purged
203 verbose gentlyRm don't care about contents; nuking C:\Users\sahil\Documents\GitHub\SocialMediaAggregator\node_modules\canvas\node_modules\nan
204 silly gunzTarPerm modes [ '777', '666' ]
205 silly gunzTarPerm extractEntry package.json
206 silly gunzTarPerm modified mode [ 'package.json', 436, 438 ]
207 silly gunzTarPerm extractEntry README.md
208 silly gunzTarPerm modified mode [ 'README.md', 436, 438 ]
209 silly gunzTarPerm extractEntry include_dirs.js
210 silly gunzTarPerm modified mode [ 'include_dirs.js', 436, 438 ]
211 silly gunzTarPerm extractEntry nan_converters.h
212 silly gunzTarPerm modified mode [ 'nan_converters.h', 436, 438 ]
213 silly gunzTarPerm extractEntry LICENSE.md
214 silly gunzTarPerm modified mode [ 'LICENSE.md', 436, 438 ]
215 silly gunzTarPerm extractEntry .dntrc
216 silly gunzTarPerm modified mode [ '.dntrc', 436, 438 ]
217 silly gunzTarPerm extractEntry appveyor.yml
218 silly gunzTarPerm modified mode [ 'appveyor.yml', 436, 438 ]
219 silly gunzTarPerm extractEntry doc/new.md
220 silly gunzTarPerm modified mode [ 'doc/new.md', 436, 438 ]
221 silly gunzTarPerm extractEntry doc/.build.sh
222 silly gunzTarPerm modified mode [ 'doc/.build.sh', 509, 511 ]
223 silly gunzTarPerm extractEntry doc/buffers.md
224 silly gunzTarPerm modified mode [ 'doc/buffers.md', 436, 438 ]
225 silly gunzTarPerm extractEntry doc/callback.md
226 silly gunzTarPerm modified mode [ 'doc/callback.md', 436, 438 ]
227 silly gunzTarPerm extractEntry doc/converters.md
228 silly gunzTarPerm modified mode [ 'doc/converters.md', 436, 438 ]
229 silly gunzTarPerm extractEntry doc/errors.md
230 silly gunzTarPerm modified mode [ 'doc/errors.md', 436, 438 ]
231 silly gunzTarPerm extractEntry doc/maybe_types.md
232 silly gunzTarPerm modified mode [ 'doc/maybe_types.md', 436, 438 ]
233 silly gunzTarPerm extractEntry doc/methods.md
234 silly gunzTarPerm modified mode [ 'doc/methods.md', 436, 438 ]
235 silly gunzTarPerm extractEntry doc/asyncworker.md
236 silly gunzTarPerm modified mode [ 'doc/asyncworker.md', 436, 438 ]
237 silly gunzTarPerm extractEntry doc/node_misc.md
238 silly gunzTarPerm modified mode [ 'doc/node_misc.md', 436, 438 ]
239 silly gunzTarPerm extractEntry doc/persistent.md
240 silly gunzTarPerm modified mode [ 'doc/persistent.md', 436, 438 ]
241 silly gunzTarPerm extractEntry doc/scopes.md
242 silly gunzTarPerm modified mode [ 'doc/scopes.md', 436, 438 ]
243 silly gunzTarPerm extractEntry doc/script.md
244 silly gunzTarPerm modified mode [ 'doc/script.md', 436, 438 ]
245 silly gunzTarPerm extractEntry doc/string_bytes.md
246 silly gunzTarPerm modified mode [ 'doc/string_bytes.md', 436, 438 ]
247 silly gunzTarPerm extractEntry doc/v8_internals.md
248 silly gunzTarPerm modified mode [ 'doc/v8_internals.md', 436, 438 ]
249 silly gunzTarPerm extractEntry doc/v8_misc.md
250 silly gunzTarPerm modified mode [ 'doc/v8_misc.md', 436, 438 ]
251 silly gunzTarPerm extractEntry nan.h
252 silly gunzTarPerm modified mode [ 'nan.h', 436, 438 ]
253 silly gunzTarPerm extractEntry nan_callbacks.h
254 silly gunzTarPerm modified mode [ 'nan_callbacks.h', 436, 438 ]
255 silly gunzTarPerm extractEntry nan_callbacks_12_inl.h
256 silly gunzTarPerm modified mode [ 'nan_callbacks_12_inl.h', 436, 438 ]
257 silly gunzTarPerm extractEntry nan_callbacks_pre_12_inl.h
258 silly gunzTarPerm modified mode [ 'nan_callbacks_pre_12_inl.h', 436, 438 ]
259 silly gunzTarPerm extractEntry nan_converters_43_inl.h
260 silly gunzTarPerm modified mode [ 'nan_converters_43_inl.h', 436, 438 ]
261 silly gunzTarPerm extractEntry nan_converters_pre_43_inl.h
262 silly gunzTarPerm modified mode [ 'nan_converters_pre_43_inl.h', 436, 438 ]
263 silly gunzTarPerm extractEntry nan_implementation_12_inl.h
264 silly gunzTarPerm modified mode [ 'nan_implementation_12_inl.h', 436, 438 ]
265 silly gunzTarPerm extractEntry nan_implementation_pre_12_inl.h
266 silly gunzTarPerm modified mode [ 'nan_implementation_pre_12_inl.h', 436, 438 ]
267 silly gunzTarPerm extractEntry nan_maybe_43_inl.h
268 silly gunzTarPerm modified mode [ 'nan_maybe_43_inl.h', 436, 438 ]
269 silly gunzTarPerm extractEntry nan_maybe_pre_43_inl.h
270 silly gunzTarPerm modified mode [ 'nan_maybe_pre_43_inl.h', 436, 438 ]
271 silly gunzTarPerm extractEntry nan_new.h
272 silly gunzTarPerm modified mode [ 'nan_new.h', 436, 438 ]
273 silly gunzTarPerm extractEntry nan_object_wrap.h
274 silly gunzTarPerm modified mode [ 'nan_object_wrap.h', 436, 438 ]
275 silly gunzTarPerm extractEntry nan_persistent_12_inl.h
276 silly gunzTarPerm modified mode [ 'nan_persistent_12_inl.h', 436, 438 ]
277 silly gunzTarPerm extractEntry nan_persistent_pre_12_inl.h
278 silly gunzTarPerm modified mode [ 'nan_persistent_pre_12_inl.h', 436, 438 ]
279 silly gunzTarPerm extractEntry nan_string_bytes.h
280 silly gunzTarPerm modified mode [ 'nan_string_bytes.h', 436, 438 ]
281 silly gunzTarPerm extractEntry nan_typedarray_contents.h
282 silly gunzTarPerm modified mode [ 'nan_typedarray_contents.h', 436, 438 ]
283 silly gunzTarPerm extractEntry nan_weak.h
284 silly gunzTarPerm modified mode [ 'nan_weak.h', 436, 438 ]
285 silly gunzTarPerm extractEntry CHANGELOG.md
286 silly gunzTarPerm modified mode [ 'CHANGELOG.md', 436, 438 ]
287 silly gunzTarPerm extractEntry tools/package.json
288 silly gunzTarPerm modified mode [ 'tools/package.json', 436, 438 ]
289 silly gunzTarPerm extractEntry tools/README.md
290 silly gunzTarPerm modified mode [ 'tools/README.md', 436, 438 ]
291 silly gunzTarPerm extractEntry tools/1to2.js
292 silly gunzTarPerm modified mode [ 'tools/1to2.js', 509, 511 ]
293 verbose write writing to C:\Users\sahil\Documents\GitHub\SocialMediaAggregator\node_modules\canvas\node_modules\nan\package.json
294 info preinstall nan@2.1.0
295 verbose readDependencies loading dependencies from C:\Users\sahil\Documents\GitHub\SocialMediaAggregator\node_modules\canvas\node_modules\nan\package.json
296 verbose readDependencies loading dependencies from C:\Users\sahil\Documents\GitHub\SocialMediaAggregator\node_modules\canvas\node_modules\nan\package.json
297 silly install resolved []
298 verbose about to build C:\Users\sahil\Documents\GitHub\SocialMediaAggregator\node_modules\canvas\node_modules\nan
299 info build C:\Users\sahil\Documents\GitHub\SocialMediaAggregator\node_modules\canvas\node_modules\nan
300 info linkStuff nan@2.1.0
301 silly linkStuff nan@2.1.0 has C:\Users\sahil\Documents\GitHub\SocialMediaAggregator\node_modules\canvas\node_modules as its parent node_modules
302 verbose linkBins nan@2.1.0
303 verbose linkMans nan@2.1.0
304 verbose rebuildBundles nan@2.1.0
305 info install nan@2.1.0
306 info postinstall nan@2.1.0
307 verbose unlock done using C:\Users\sahil\AppData\Roaming\npm-cache\_locks\nan-98f6069eb21cd707.lock for C:\Users\sahil\Documents\GitHub\SocialMediaAggregator\node_modules\canvas\node_modules\nan
308 verbose about to build C:\Users\sahil\Documents\GitHub\SocialMediaAggregator\node_modules\canvas
309 info build C:\Users\sahil\Documents\GitHub\SocialMediaAggregator\node_modules\canvas
310 info linkStuff canvas@1.3.1
311 silly linkStuff canvas@1.3.1 has C:\Users\sahil\Documents\GitHub\SocialMediaAggregator\node_modules as its parent node_modules
312 verbose linkBins canvas@1.3.1
313 verbose linkMans canvas@1.3.1
314 verbose rebuildBundles canvas@1.3.1
315 verbose rebuildBundles [ 'nan' ]
316 info install canvas@1.3.1
317 verbose unsafe-perm in lifecycle true
318 info canvas@1.3.1 Failed to exec install script
319 verbose unlock done using C:\Users\sahil\AppData\Roaming\npm-cache\_locks\canvas-f01124869522a288.lock for C:\Users\sahil\Documents\GitHub\SocialMediaAggregator\node_modules\canvas
320 verbose stack Error: canvas@1.3.1 install: `node-gyp rebuild`
320 verbose stack Exit status 1
320 verbose stack     at EventEmitter.<anonymous> (C:\Program Files\nodejs\node_modules\npm\lib\utils\lifecycle.js:214:16)
320 verbose stack     at emitTwo (events.js:87:13)
320 verbose stack     at EventEmitter.emit (events.js:172:7)
320 verbose stack     at ChildProcess.<anonymous> (C:\Program Files\nodejs\node_modules\npm\lib\utils\spawn.js:24:14)
320 verbose stack     at emitTwo (events.js:87:13)
320 verbose stack     at ChildProcess.emit (events.js:172:7)
320 verbose stack     at maybeClose (internal/child_process.js:817:16)
320 verbose stack     at Process.ChildProcess._handle.onexit (internal/child_process.js:211:5)
321 verbose pkgid canvas@1.3.1
322 verbose cwd C:\Users\sahil\Documents\GitHub\SocialMediaAggregator
323 error Windows_NT 10.0.10240
324 error argv "C:\\Program Files\\nodejs\\node.exe" "C:\\Program Files\\nodejs\\node_modules\\npm\\bin\\npm-cli.js" "install" "canvas"
325 error node v4.1.1
326 error npm  v2.14.4
327 error code ELIFECYCLE
328 error canvas@1.3.1 install: `node-gyp rebuild`
328 error Exit status 1
329 error Failed at the canvas@1.3.1 install script 'node-gyp rebuild'.
329 error This is most likely a problem with the canvas package,
329 error not with npm itself.
329 error Tell the author that this fails on your system:
329 error     node-gyp rebuild
329 error You can get their info via:
329 error     npm owner ls canvas
329 error There is likely additional logging output above.
330 verbose exit [ 1, true ]
331 verbose unbuild node_modules\canvas
332 info preuninstall canvas@1.3.1
333 info uninstall canvas@1.3.1
334 verbose unbuild rmStuff canvas@1.3.1 from C:\Users\sahil\Documents\GitHub\SocialMediaAggregator\node_modules
335 info postuninstall canvas@1.3.1
336 silly gentlyRm C:\Users\sahil\Documents\GitHub\SocialMediaAggregator\node_modules\canvas is being purged from base C:\Users\sahil\Documents\GitHub\SocialMediaAggregator
337 verbose gentlyRm don't care about contents; nuking C:\Users\sahil\Documents\GitHub\SocialMediaAggregator\node_modules\canvas
338 silly vacuum-fs purging C:\Users\sahil\Documents\GitHub\SocialMediaAggregator\node_modules\canvas
339 silly vacuum-fs quitting because other entries in C:\Users\sahil\Documents\GitHub\SocialMediaAggregator\node_modules
